<?xml version="1.0" encoding="UTF-8"?>
<testsuite xmlns:xsi="http://www.w3.org/2001/XMLSchema-instance" xsi:noNamespaceSchemaLocation="https://maven.apache.org/surefire/maven-surefire-plugin/xsd/surefire-test-report.xsd" name="com.sha.springbootmicroservice1course.CourseTests" time="0.227" tests="3" errors="0" skipped="0" failures="0">
  <properties>
[...]
</properties>
  <testcase name="deleteCourse" classname="com.sha.springbootmicroservice1course.CourseTests" time="0.12"/>
  <testcase name="saveCourse" classname="com.sha.springbootmicroservice1course.CourseTests" time="0.02"/>
  <testcase name="findAllCourses" classname="com.sha.springbootmicroservice1course.CourseTests" time="0.011"/>
</testsuite>